[2025-10-07 12:02:02] INFO: Starting Flye 2.9.6-b1802
[2025-10-07 12:02:02] INFO: >>>STAGE: configure
[2025-10-07 12:02:02] INFO: Configuring run
[2025-10-07 12:02:04] INFO: Total read length: 52927180
[2025-10-07 12:02:04] INFO: Input genome size: 100000
[2025-10-07 12:02:04] INFO: Estimated coverage: 529
[2025-10-07 12:02:04] INFO: Reads N50/N90: 505 / 254
[2025-10-07 12:02:04] INFO: Minimum overlap set to 1000
[2025-10-07 12:02:04] INFO: >>>STAGE: assembly
[2025-10-07 12:02:04] INFO: Assembling disjointigs
[2025-10-07 12:02:04] INFO: Reading sequences
[2025-10-07 12:02:05] INFO: Building minimizer index
[2025-10-07 12:02:05] INFO: Pre-calculating index storage
0% 10% 20% 30% 40% 50% 60% 70% 80% 90% 100% 
[2025-10-07 12:02:05] INFO: Filling index
0% 10% 20% 30% 40% 50% 60% 70% 80% 90% 100% 
[2025-10-07 12:02:06] INFO: Extending reads
[2025-10-07 12:02:13] INFO: Overlap-based coverage: 35
[2025-10-07 12:02:13] INFO: Median overlap divergence: 0.0745891
0% 50% 100% 
[2025-10-07 12:02:15] INFO: Assembled 2 disjointigs
[2025-10-07 12:02:15] INFO: Generating sequence
0% 10% 20% 30% 40% 50% 60% 70% 80% 90% 100% 
[2025-10-07 12:02:15] INFO: Filtering contained disjointigs
0% 50% 100% 
[2025-10-07 12:02:15] INFO: Contained seqs: 0
[2025-10-07 12:02:15] INFO: >>>STAGE: consensus
[2025-10-07 12:02:15] INFO: Running Minimap2
[2025-10-07 12:02:27] INFO: Computing consensus
[2025-10-07 12:02:53] INFO: Alignment error rate: 0.102191
[2025-10-07 12:02:53] INFO: >>>STAGE: repeat
[2025-10-07 12:02:53] INFO: Building and resolving repeat graph
[2025-10-07 12:02:53] INFO: Parsing disjointigs
[2025-10-07 12:02:53] INFO: Building repeat graph
0% 50% 100% 
[2025-10-07 12:02:53] INFO: Median overlap divergence: 0.0977502
[2025-10-07 12:02:53] INFO: Parsing reads
[2025-10-07 12:02:55] INFO: Aligning reads to the graph
0% 10% 20% 30% 40% 50% 60% 70% 80% 90% 100% 
[2025-10-07 12:02:55] INFO: Aligned read sequence: 5149694 / 8057872 (0.639089)
[2025-10-07 12:02:55] INFO: Median overlap divergence: 0.04
[2025-10-07 12:02:55] INFO: Mean edge coverage: 52
[2025-10-07 12:02:55] INFO: Simplifying the graph
[2025-10-07 12:02:55] INFO: >>>STAGE: contigger
[2025-10-07 12:02:55] INFO: Generating contigs
[2025-10-07 12:02:55] INFO: Reading sequences
[2025-10-07 12:02:57] INFO: Generated 2 contigs
[2025-10-07 12:02:57] INFO: Added 0 scaffold connections
[2025-10-07 12:02:57] INFO: >>>STAGE: polishing
[2025-10-07 12:02:57] INFO: Polishing genome (1/1)
[2025-10-07 12:02:57] INFO: Running minimap2
[2025-10-07 12:03:11] INFO: Separating alignment into bubbles
[2025-10-07 12:03:34] INFO: Alignment error rate: 0.052820
[2025-10-07 12:03:34] INFO: Correcting bubbles
0% 10% 20% 30% 40% 50% 60% 70% 80% 90% 100% 
[2025-10-07 12:03:35] INFO: >>>STAGE: finalize
[2025-10-07 12:03:35] INFO: Assembly statistics:

	Total length:	91713
	Fragments:	2
	Fragments N50:	47428
	Largest frg:	47428
	Scaffolds:	0
	Mean coverage:	422

[2025-10-07 12:03:35] INFO: Final assembly: /sciclone/home/selozina/BIOCOMPUTING/assignments/assignment_06/assemblies/assembly_conda/assembly.fasta
